<?xml version="1.0" encoding="UTF-8"?>
<!-- Generated by org.testng.reporters.JUnitXMLReporter -->
<testsuite ignored="0" hostname="SathyaSai" failures="0" tests="2" name="Test" time="0.133" errors="0" timestamp="2021-04-29T17:18:57 IST">
  <testcase classname="com.ors.utilities.BaseClass" name="@BeforeSuite setUpSuite" time="0.914">
    <failure type="java.lang.NullPointerException">
      <![CDATA[java.lang.NullPointerException
at java.base/java.io.File.<init>(File.java:279)
at com.ors.utilities.BaseClass.setUpSuite(BaseClass.java:34)
... Removed 19 stack frames]]>
    </failure>
  </testcase> <!-- @BeforeSuite setUpSuite -->
  <testcase classname="com.ors.utilities.BaseClass" name="@BeforeClass SetUp" time="-1.619696937256E9">
    <skipped/>
  </testcase> <!-- @BeforeClass SetUp -->
  <testcase classname="com.ors.utilities.BaseClass" name="@AfterMethod tearDown" time="-1.61969693731E9">
    <skipped/>
  </testcase> <!-- @AfterMethod tearDown -->
  <testcase classname="com.ors.utilities.BaseClass" name="@AfterMethod tearDown" time="-1.619696937339E9">
    <skipped/>
  </testcase> <!-- @AfterMethod tearDown -->
  <testcase classname="com.ors.utilities.BaseClass" name="@AfterClass TearDown" time="-1.619696937345E9">
    <skipped/>
  </testcase> <!-- @AfterClass TearDown -->
  <testcase classname="com.ors.testcases.LoginTest" name="loginApp" time="0.0">
    <skipped/>
  </testcase> <!-- loginApp -->
  <testcase classname="com.ors.testcases.LoginTest" name="loginApp1" time="0.0">
    <skipped/>
  </testcase> <!-- loginApp1 -->
</testsuite> <!-- Test -->
