<?xml version="1.0" encoding="UTF-8"?>
<testng-results ignored="0" total="1" passed="1" failed="0" skipped="0">
  <reporter-output>
    <line>
      <![CDATA[setting the credentials  test is beeing starded]]>
    </line>
    <line>
      <![CDATA[html report generated]]>
    </line>
    <line>
      <![CDATA[setting are done test is  starded]]>
    </line>
    <line>
      <![CDATA[browser is opening]]>
    </line>
    <line>
      <![CDATA[browser opened]]>
    </line>
    <line>
      <![CDATA[test passed screenshots are being taken]]>
    </line>
    <line>
      <![CDATA[screenshot are taken]]>
    </line>
  </reporter-output>
  <suite started-at="2021-05-01T14:22:22 IST" name="Default suite" finished-at="2021-05-01T14:22:46 IST" duration-ms="23972">
    <groups>
    </groups>
    <test started-at="2021-05-01T14:22:22 IST" name="Default test" finished-at="2021-05-01T14:22:46 IST" duration-ms="23972">
      <class name="com.ors.testcases.LoginTest">
        <test-method is-config="true" signature="setUpSuite()[pri:0, instance:com.ors.testcases.LoginTest@3315d2d7]" started-at="2021-05-01T14:22:21 IST" name="setUpSuite" finished-at="2021-05-01T14:22:22 IST" duration-ms="1427" status="PASS">
          <reporter-output>
            <line>
              <![CDATA[setting the credentials  test is beeing starded]]>
            </line>
            <line>
              <![CDATA[html report generated]]>
            </line>
            <line>
              <![CDATA[setting are done test is  starded]]>
            </line>
          </reporter-output>
        </test-method> <!-- setUpSuite -->
        <test-method is-config="true" signature="SetUp()[pri:0, instance:com.ors.testcases.LoginTest@3315d2d7]" started-at="2021-05-01T14:22:22 IST" name="SetUp" finished-at="2021-05-01T14:22:37 IST" duration-ms="14616" status="PASS">
          <reporter-output>
            <line>
              <![CDATA[browser is opening]]>
            </line>
            <line>
              <![CDATA[browser opened]]>
            </line>
          </reporter-output>
        </test-method> <!-- SetUp -->
        <test-method signature="loginApp()[pri:0, instance:com.ors.testcases.LoginTest@3315d2d7]" started-at="2021-05-01T14:22:37 IST" name="loginApp" finished-at="2021-05-01T14:22:43 IST" duration-ms="6403" status="PASS">
          <reporter-output>
          </reporter-output>
        </test-method> <!-- loginApp -->
        <test-method is-config="true" signature="tearDown(org.testng.ITestResult)[pri:0, instance:com.ors.testcases.LoginTest@3315d2d7]" started-at="2021-05-01T14:22:43 IST" name="tearDown" finished-at="2021-05-01T14:22:44 IST" duration-ms="1080" status="PASS">
          <params>
            <param index="0">
              <value>
                <![CDATA[[TestResult name=loginApp status=SUCCESS method=LoginTest.loginApp()[pri:0, instance:com.ors.testcases.LoginTest@3315d2d7] output={null}]]]>
              </value>
            </param>
          </params>
          <reporter-output>
            <line>
              <![CDATA[test passed screenshots are being taken]]>
            </line>
            <line>
              <![CDATA[screenshot are taken]]>
            </line>
          </reporter-output>
        </test-method> <!-- tearDown -->
        <test-method is-config="true" signature="TearDown()[pri:0, instance:com.ors.testcases.LoginTest@3315d2d7]" started-at="2021-05-01T14:22:44 IST" name="TearDown" finished-at="2021-05-01T14:22:46 IST" duration-ms="1822" status="PASS">
          <reporter-output>
          </reporter-output>
        </test-method> <!-- TearDown -->
      </class> <!-- com.ors.testcases.LoginTest -->
    </test> <!-- Default test -->
  </suite> <!-- Default suite -->
</testng-results>
